<?xml version="1.0" encoding="UTF-8"?>
<testng-results ignored="0" total="1" passed="1" failed="0" skipped="0">
  <reporter-output>
  </reporter-output>
  <suite started-at="2021-03-04T16:22:10Z" name="Default suite" finished-at="2021-03-04T16:22:19Z" duration-ms="9023">
    <groups>
    </groups>
    <test started-at="2021-03-04T16:22:10Z" name="Default test" finished-at="2021-03-04T16:22:19Z" duration-ms="9023">
      <class name="hardAssertion.AssertTrue">
        <test-method is-config="true" signature="SetDriver()[pri:0, instance:hardAssertion.AssertTrue@229c6181]" started-at="2021-03-04T16:22:10Z" name="SetDriver" finished-at="2021-03-04T16:22:12Z" duration-ms="2552" status="PASS">
          <reporter-output>
          </reporter-output>
        </test-method> <!-- SetDriver -->
        <test-method signature="verifyTitle()[pri:0, instance:hardAssertion.AssertTrue@229c6181]" started-at="2021-03-04T16:22:12Z" name="verifyTitle" finished-at="2021-03-04T16:22:15Z" duration-ms="2304" status="PASS">
          <reporter-output>
          </reporter-output>
        </test-method> <!-- verifyTitle -->
        <test-method is-config="true" signature="closedriver()[pri:0, instance:hardAssertion.AssertTrue@229c6181]" started-at="2021-03-04T16:22:15Z" name="closedriver" finished-at="2021-03-04T16:22:19Z" duration-ms="4150" status="PASS">
          <reporter-output>
          </reporter-output>
        </test-method> <!-- closedriver -->
      </class> <!-- hardAssertion.AssertTrue -->
    </test> <!-- Default test -->
  </suite> <!-- Default suite -->
</testng-results>
